# JRE version: OpenJDK Runtime Environment (8.0_152-b01) (build 1.8.0_152-release-1343-b01)
# Java VM: OpenJDK 64-Bit Server VM (25.152-b01 mixed mode windows-amd64 compressed oops)
Heap:
 PSYoungGen      total 266752K, used 127136K [0x00000000db300000, 0x00000000eff00000, 0x0000000100000000)
  eden space 212480K, 37% used [0x00000000db300000,0x00000000e0143d68,0x00000000e8280000)
  from space 54272K, 86% used [0x00000000ebd00000,0x00000000eeb0bd40,0x00000000ef200000)
  to   space 59904K, 0% used [0x00000000e8280000,0x00000000e8280000,0x00000000ebd00000)
 ParOldGen       total 227328K, used 109451K [0x0000000091800000, 0x000000009f600000, 0x00000000db300000)
  object space 227328K, 48% used [0x0000000091800000,0x00000000982e2f88,0x000000009f600000)
 Metaspace       used 92229K, capacity 96192K, committed 96344K, reserved 1132544K
  class space    used 11827K, capacity 12635K, committed 12672K, reserved 1048576K
GC Heap History (10 events):
Event: 36.858 GC heap before
{Heap before GC invocations=24 (full 4):
 PSYoungGen      total 180736K, used 145920K [0x00000000db300000, 0x00000000ec100000, 0x0000000100000000)
  eden space 145920K, 100% used [0x00000000db300000,0x00000000e4180000,0x00000000e4180000)
  from space 34816K, 0% used [0x00000000e4180000,0x00000000e4180000,0x00000000e6380000)
  to   space 53760K, 0% used [0x00000000e8c80000,0x00000000e8c80000,0x00000000ec100000)
 ParOldGen       total 227328K, used 109401K [0x0000000091800000, 0x000000009f600000, 0x00000000db300000)
  object space 227328K, 48% used [0x0000000091800000,0x00000000982d6660,0x000000009f600000)
 Metaspace       used 73031K, capacity 75080K, committed 75480K, reserved 1114112K
  class space    used 9469K, capacity 9927K, committed 9984K, reserved 1048576K
Event: 36.880 GC heap after
Heap after GC invocations=24 (full 4):
 PSYoungGen      total 214528K, used 18578K [0x00000000db300000, 0x00000000eba00000, 0x0000000100000000)
  eden space 167936K, 0% used [0x00000000db300000,0x00000000db300000,0x00000000e5700000)
  from space 46592K, 39% used [0x00000000e8c80000,0x00000000e9ea4850,0x00000000eba00000)
  to   space 50688K, 0% used [0x00000000e5700000,0x00000000e5700000,0x00000000e8880000)
 ParOldGen       total 227328K, used 109409K [0x0000000091800000, 0x000000009f600000, 0x00000000db300000)
  object space 227328K, 48% used [0x0000000091800000,0x00000000982d8660,0x000000009f600000)
 Metaspace       used 73031K, capacity 75080K, committed 75480K, reserved 1114112K
  class space    used 9469K, capacity 9927K, committed 9984K, reserved 1048576K
}
Event: 38.183 GC heap before
{Heap before GC invocations=25 (full 4):
 PSYoungGen      total 214528K, used 186514K [0x00000000db300000, 0x00000000eba00000, 0x0000000100000000)
  eden space 167936K, 100% used [0x00000000db300000,0x00000000e5700000,0x00000000e5700000)
  from space 46592K, 39% used [0x00000000e8c80000,0x00000000e9ea4850,0x00000000eba00000)
  to   space 50688K, 0% used [0x00000000e5700000,0x00000000e5700000,0x00000000e8880000)
 ParOldGen       total 227328K, used 109411K [0x0000000091800000, 0x000000009f600000, 0x00000000db300000)
  object space 227328K, 48% used [0x0000000091800000,0x00000000982d8f88,0x000000009f600000)
 Metaspace       used 79130K, capacity 81938K, committed 82136K, reserved 1120256K
  class space    used 10354K, capacity 10988K, committed 11008K, reserved 1048576K
Event: 38.210 GC heap after
Heap after GC invocations=25 (full 4):
 PSYoungGen      total 218624K, used 40133K [0x00000000db300000, 0x00000000edd80000, 0x0000000100000000)
  eden space 167936K, 0% used [0x00000000db300000,0x00000000db300000,0x00000000e5700000)
  from space 50688K, 79% used [0x00000000e5700000,0x00000000e7e31520,0x00000000e8880000)
  to   space 55296K, 0% used [0x00000000ea780000,0x00000000ea780000,0x00000000edd80000)
 ParOldGen       total 227328K, used 109419K [0x0000000091800000, 0x000000009f600000, 0x00000000db300000)
  object space 227328K, 48% used [0x0000000091800000,0x00000000982daf88,0x000000009f600000)
 Metaspace       used 79130K, capacity 81938K, committed 82136K, reserved 1120256K
  class space    used 10354K, capacity 10988K, committed 11008K, reserved 1048576K
}
Event: 40.797 GC heap before
{Heap before GC invocations=26 (full 4):
 PSYoungGen      total 218624K, used 208069K [0x00000000db300000, 0x00000000edd80000, 0x0000000100000000)
  eden space 167936K, 100% used [0x00000000db300000,0x00000000e5700000,0x00000000e5700000)
  from space 50688K, 79% used [0x00000000e5700000,0x00000000e7e31520,0x00000000e8880000)
  to   space 55296K, 0% used [0x00000000ea780000,0x00000000ea780000,0x00000000edd80000)
 ParOldGen       total 227328K, used 109419K [0x0000000091800000, 0x000000009f600000, 0x00000000db300000)
  object space 227328K, 48% used [0x0000000091800000,0x00000000982daf88,0x000000009f600000)
 Metaspace       used 83838K, capacity 87192K, committed 87384K, reserved 1124352K
  class space    used 10932K, capacity 11631K, committed 11648K, reserved 1048576K
Event: 40.820 GC heap after
Heap after GC invocations=26 (full 4):
 PSYoungGen      total 242176K, used 24703K [0x00000000db300000, 0x00000000ed700000, 0x0000000100000000)
  eden space 193536K, 0% used [0x00000000db300000,0x00000000db300000,0x00000000e7000000)
  from space 48640K, 50% used [0x00000000ea780000,0x00000000ebf9ffb8,0x00000000ed700000)
  to   space 52736K, 0% used [0x00000000e7000000,0x00000000e7000000,0x00000000ea380000)
 ParOldGen       total 227328K, used 109435K [0x0000000091800000, 0x000000009f600000, 0x00000000db300000)
  object space 227328K, 48% used [0x0000000091800000,0x00000000982def88,0x000000009f600000)
 Metaspace       used 83838K, capacity 87192K, committed 87384K, reserved 1124352K
  class space    used 10932K, capacity 11631K, committed 11648K, reserved 1048576K
}
Event: 95.111 GC heap before
{Heap before GC invocations=27 (full 4):
 PSYoungGen      total 242176K, used 218239K [0x00000000db300000, 0x00000000ed700000, 0x0000000100000000)
  eden space 193536K, 100% used [0x00000000db300000,0x00000000e7000000,0x00000000e7000000)
  from space 48640K, 50% used [0x00000000ea780000,0x00000000ebf9ffb8,0x00000000ed700000)
  to   space 52736K, 0% used [0x00000000e7000000,0x00000000e7000000,0x00000000ea380000)
 ParOldGen       total 227328K, used 109435K [0x0000000091800000, 0x000000009f600000, 0x00000000db300000)
  object space 227328K, 48% used [0x0000000091800000,0x00000000982def88,0x000000009f600000)
 Metaspace       used 90578K, capacity 94444K, committed 94680K, reserved 1132544K
  class space    used 11704K, capacity 12477K, committed 12544K, reserved 1048576K
Event: 95.134 GC heap after
Heap after GC invocations=27 (full 4):
 PSYoungGen      total 246272K, used 33365K [0x00000000db300000, 0x00000000ef200000, 0x0000000100000000)
  eden space 193536K, 0% used [0x00000000db300000,0x00000000db300000,0x00000000e7000000)
  from space 52736K, 63% used [0x00000000e7000000,0x00000000e9095638,0x00000000ea380000)
  to   space 54272K, 0% used [0x00000000ebd00000,0x00000000ebd00000,0x00000000ef200000)
 ParOldGen       total 227328K, used 109443K [0x0000000091800000, 0x000000009f600000, 0x00000000db300000)
  object space 227328K, 48% used [0x0000000091800000,0x00000000982e0f88,0x000000009f600000)
 Metaspace       used 90578K, capacity 94444K, committed 94680K, reserved 1132544K
  class space    used 11704K, capacity 12477K, committed 12544K, reserved 1048576K
}
Event: 98.962 GC heap before
{Heap before GC invocations=28 (full 4):
 PSYoungGen      total 246272K, used 226901K [0x00000000db300000, 0x00000000ef200000, 0x0000000100000000)
  eden space 193536K, 100% used [0x00000000db300000,0x00000000e7000000,0x00000000e7000000)
  from space 52736K, 63% used [0x00000000e7000000,0x00000000e9095638,0x00000000ea380000)
  to   space 54272K, 0% used [0x00000000ebd00000,0x00000000ebd00000,0x00000000ef200000)
 ParOldGen       total 227328K, used 109443K [0x0000000091800000, 0x000000009f600000, 0x00000000db300000)
  object space 227328K, 48% used [0x0000000091800000,0x00000000982e0f88,0x000000009f600000)
 Metaspace       used 91832K, capacity 95794K, committed 96088K, reserved 1132544K
  class space    used 11817K, capacity 12622K, committed 12672K, reserved 1048576K
Event: 99.022 GC heap after
Heap after GC invocations=28 (full 4):
 PSYoungGen      total 266752K, used 47151K [0x00000000db300000, 0x00000000eff00000, 0x0000000100000000)
  eden space 212480K, 0% used [0x00000000db300000,0x00000000db300000,0x00000000e8280000)
  from space 54272K, 86% used [0x00000000ebd00000,0x00000000eeb0bd40,0x00000000ef200000)
  to   space 59904K, 0% used [0x00000000e8280000,0x00000000e8280000,0x00000000ebd00000)
 ParOldGen       total 227328K, used 109451K [0x0000000091800000, 0x000000009f600000, 0x00000000db300000)
  object space 227328K, 48% used [0x0000000091800000,0x00000000982e2f88,0x000000009f600000)
 Metaspace       used 91832K, capacity 95794K, committed 96088K, reserved 1132544K
  class space    used 11817K, capacity 12622K, committed 12672K, reserved 1048576K
}

